This is pdfTeX, Version 3.141592653-2.6-1.40.27 (MiKTeX 25.4) (preloaded format=pdflatex 2025.11.14)  17 NOV 2025 21:02
entering extended mode
 restricted \write18 enabled.
 %&-line parsing enabled.
**./main.tex
(main.tex
LaTeX2e <2025-11-01>
L3 programming layer <2025-10-24>
(Before.tex
(C:\Users\omari\AppData\Local\Programs\MiKTeX\tex/latex/base\book.cls
Document Class: book 2025/01/22 v1.4n Standard LaTeX document class
(C:\Users\omari\AppData\Local\Programs\MiKTeX\tex/latex/base\bk12.clo
File: bk12.clo 2025/01/22 v1.4n Standard LaTeX file (size option)
)
\c@part=\count275
\c@chapter=\count276
\c@section=\count277
\c@subsection=\count278
\c@subsubsection=\count279
\c@paragraph=\count280
\c@subparagraph=\count281
\c@figure=\count282
\c@table=\count283
\abovecaptionskip=\skip49
\belowcaptionskip=\skip50
\bibindent=\dimen148
)
(C:\Users\omari\AppData\Local\Programs\MiKTeX\tex/latex/base\inputenc.sty
Package: inputenc 2024/02/08 v1.3d Input encoding file
\inpenc@prehook=\toks17
\inpenc@posthook=\toks18
)
(C:\Users\omari\AppData\Local\Programs\MiKTeX\tex/generic/babel\babel.sty
Package: babel 2025/10/22 v25.14 The multilingual framework for LuaLaTeX, pdfLa
TeX and XeLaTeX
\babel@savecnt=\count284
LaTeX Encoding Info:    Redeclaring text command \ij (encoding OT1) on input li
ne 2050.
LaTeX Encoding Info:    Redeclaring text command \IJ (encoding OT1) on input li
ne 2052.
LaTeX Encoding Info:    Redeclaring text command \ij (encoding T1) on input lin
e 2054.
LaTeX Encoding Info:    Redeclaring text command \IJ (encoding T1) on input lin
e 2055.
LaTeX Encoding Info:    Ignoring declaration for text command \ij (encoding ?) 
on input line 2056.
LaTeX Encoding Info:    Ignoring declaration for text command \IJ (encoding ?) 
on input line 2058.
LaTeX Encoding Info:    Ignoring declaration for text command \SS (encoding ?) 
on input line 2083.
\U@D=\dimen149
\l@unhyphenated=\language79

(C:\Users\omari\AppData\Local\Programs\MiKTeX\tex/generic/babel\txtbabel.def)
\bbl@readstream=\read2
\bbl@dirlevel=\count285


Package babel Warning: Configuration files are deprecated, as
(babel)                they can break document portability.
(babel)                Reported on input line 4172.

*************************************
* Local config file bblopts.cfg used
*
(C:\Users\omari\AppData\Local\Programs\MiKTeX\tex/latex/arabi\bblopts.cfg
File: bblopts.cfg 2005/09/08 v0.1 add Arabic and Farsi to "declared" options of
 babel
)
(C:\Users\omari\AppData\Local\Programs\MiKTeX\tex/generic/babel/locale/es\babel
-spanish.tex)
Package babel Info: Importing font and identification data for spanish
(babel)             from babel-es.ini. Reported on input line 4295.

(C:\Users\omari\AppData\Local\Programs\MiKTeX\tex/latex/babel-spanish\spanish.l
df
Language: spanish.ldf 2021/05/27 v5.0q Spanish support from the babel system
\es@quottoks=\toks19
\es@quotdepth=\count286
Package babel Info: Making " an active character on input line 570.
Package babel Info: Making . an active character on input line 675.
Package babel Info: Making < an active character on input line 722.
Package babel Info: Making > an active character on input line 722.
))
LaTeX Encoding Info:    Redeclaring text command \guillemotleft (encoding OT1) 
on input line 4.
LaTeX Encoding Info:    Redeclaring text command \guillemotright (encoding OT1)
 on input line 4.

(C:\Users\omari\AppData\Local\Programs\MiKTeX\tex/latex/geometry\geometry.sty
Package: geometry 2020/01/02 v5.9 Page Geometry

(C:\Users\omari\AppData\Local\Programs\MiKTeX\tex/latex/graphics\keyval.sty
Package: keyval 2022/05/29 v1.15 key=value parser (DPC)
\KV@toks@=\toks20
)
(C:\Users\omari\AppData\Local\Programs\MiKTeX\tex/generic/iftex\ifvtex.sty
Package: ifvtex 2019/10/25 v1.7 ifvtex legacy package. Use iftex instead.

(C:\Users\omari\AppData\Local\Programs\MiKTeX\tex/generic/iftex\iftex.sty
Package: iftex 2024/12/12 v1.0g TeX engine tests
))
\Gm@cnth=\count287
\Gm@cntv=\count288
\c@Gm@tempcnt=\count289
\Gm@bindingoffset=\dimen150
\Gm@wd@mp=\dimen151
\Gm@odd@mp=\dimen152
\Gm@even@mp=\dimen153
\Gm@layoutwidth=\dimen154
\Gm@layoutheight=\dimen155
\Gm@layouthoffset=\dimen156
\Gm@layoutvoffset=\dimen157
\Gm@dimlist=\toks21

(C:\Users\omari\AppData\Local\Programs\MiKTeX\tex/latex/geometry\geometry.cfg))

(C:\Users\omari\AppData\Local\Programs\MiKTeX\tex/latex/tablefootnote\tablefoot
note.sty
Package: tablefootnote 2014/01/26 v1.1c Table foot notes (HMM)

(C:\Users\omari\AppData\Local\Programs\MiKTeX\tex/generic/ltxcmds\ltxcmds.sty
Package: ltxcmds 2023-12-04 v1.26 LaTeX kernel commands for general use (HO)
)
(C:\Users\omari\AppData\Local\Programs\MiKTeX\tex/latex/letltxmacro\letltxmacro
.sty
Package: letltxmacro 2019/12/03 v1.6 Let assignment for LaTeX macros (HO)
)
(C:\Users\omari\AppData\Local\Programs\MiKTeX\tex/latex/xifthen\xifthen.sty
Package: xifthen 2015/11/05 v1.4.0 Extended ifthen features

(C:\Users\omari\AppData\Local\Programs\MiKTeX\tex/latex/tools\calc.sty
Package: calc 2025/03/01 v4.3b Infix arithmetic (KKT,FJ)
\calc@Acount=\count290
\calc@Bcount=\count291
\calc@Adimen=\dimen158
\calc@Bdimen=\dimen159
\calc@Askip=\skip51
\calc@Bskip=\skip52
LaTeX Info: Redefining \setlength on input line 86.
LaTeX Info: Redefining \addtolength on input line 87.
\calc@Ccount=\count292
\calc@Cskip=\skip53
)
(C:\Users\omari\AppData\Local\Programs\MiKTeX\tex/latex/base\ifthen.sty
Package: ifthen 2024/03/16 v1.1e Standard LaTeX ifthen package (DPC)
)
(C:\Users\omari\AppData\Local\Programs\MiKTeX\tex/latex/ifmtarg\ifmtarg.sty
Package: ifmtarg 2018/04/16 v1.2b check for an empty argument
))
(C:\Users\omari\AppData\Local\Programs\MiKTeX\tex/latex/etoolbox\etoolbox.sty
Package: etoolbox 2025/10/02 v2.5m e-TeX tools for LaTeX (JAW)
\etb@tempcnta=\count293
)) (C:\Users\omari\AppData\Local\Programs\MiKTeX\tex/latex/fancyhdr\fancyhdr.st
y
Package: fancyhdr 2025/02/07 v5.2 Extensive control of page headers and footers

\f@nch@headwidth=\skip54
\f@nch@offset@elh=\skip55
\f@nch@offset@erh=\skip56
\f@nch@offset@olh=\skip57
\f@nch@offset@orh=\skip58
\f@nch@offset@elf=\skip59
\f@nch@offset@erf=\skip60
\f@nch@offset@olf=\skip61
\f@nch@offset@orf=\skip62
\f@nch@height=\skip63
\f@nch@footalignment=\skip64
\f@nch@widthL=\skip65
\f@nch@widthC=\skip66
\f@nch@widthR=\skip67
\@temptokenb=\toks22
) (C:\Users\omari\AppData\Local\Programs\MiKTeX\tex/latex/natbib\natbib.sty
Package: natbib 2010/09/13 8.31b (PWD, AO)
\bibhang=\skip68
\bibsep=\skip69
LaTeX Info: Redefining \cite on input line 694.
\c@NAT@ctr=\count294
)
(C:\Users\omari\AppData\Local\Programs\MiKTeX\tex/latex/tabularray\tabularray.s
ty
Package: tabularray 2025-08-29 v2025B Typeset tabulars and arrays with LaTeX3
\l__tblr_a_int=\count295
\l__tblr_c_int=\count296
\l__tblr_r_int=\count297
\l__tblr_d_dim=\dimen160
\l__tblr_h_dim=\dimen161
\l__tblr_o_dim=\dimen162
\l__tblr_p_dim=\dimen163
\l__tblr_q_dim=\dimen164
\l__tblr_r_dim=\dimen165
\l__tblr_s_dim=\dimen166
\l__tblr_t_dim=\dimen167
\l__tblr_v_dim=\dimen168
\l__tblr_w_dim=\dimen169
\l__tblr_a_box=\box53
\l__tblr_b_box=\box54
\l__tblr_c_box=\box55
\l__tblr_d_box=\box56
\c@tblrcount=\count298
\c@rownum=\count299
\c@colnum=\count300
\c@rowcount=\count301
\c@colcount=\count302
\abovesep=\dimen170
\belowsep=\dimen171
\leftsep=\dimen172
\rightsep=\dimen173
\gTblrLevelInt=\count303
\g__tblr_data_row_key_count_int=\count304
\g__tblr_data_column_key_count_int=\count305
\g__tblr_data_cell_key_count_int=\count306
\g__tblr_array_int=\count307
\l__tblr_key_count_int=\count308
\l__tblr_key_quotient_int=\count309
\l__tblr_key_quotient_two_int=\count310
\l__tblr_key_remainder_int=\count311
\g__tblr_data_str_value_count_int=\count312
\lTblrChildTotalInt=\count313
\lTblrChildHtotalInt=\count314
\lTblrChildVtotalInt=\count315
\l__child_diff_h_int=\count316
\l__child_diff_v_int=\count317
\l__child_sign_h_int=\count318
\l__child_sign_v_int=\count319
\l__child_step_int=\count320
\lTblrDefaultHruleWidthDim=\dimen174
\lTblrDefaultVruleWidthDim=\dimen175
\l__tblr_split_balance_int=\count321
\l__tblr_strut_dp_dim=\dimen176
\l__tblr_strut_ht_dim=\dimen177
\g__tblr_cell_wd_dim=\dimen178
\g__tblr_cell_ht_dim=\dimen179
\g__tblr_cell_head_dim=\dimen180
\g__tblr_cell_foot_dim=\dimen181
\l__tblr_measured_cell_box=\box57
\g__tblr_last_box=\box58
\l__tblr_temp_box=\box59
\l__tblr_column_target_dim=\dimen182
\l__tblr_hfuzz_dim=\dimen183
\l__tblr_caption_box=\box60
\l__tblr_caption_left_box=\box61
\lTblrRowHeadInt=\count322
\lTblrRowFootInt=\count323
\l__tblr_row_head_box=\box62
\l__tblr_row_foot_box=\box63
\l__tblr_row_head_foot_dim=\dimen184
\lTblrTableWidthDim=\dimen185
\l__tblr_table_firsthead_box=\box64
\l__tblr_table_middlehead_box=\box65
\l__tblr_table_lasthead_box=\box66
\l__tblr_table_firstfoot_box=\box67
\l__tblr_table_middlefoot_box=\box68
\l__tblr_table_lastfoot_box=\box69
\l__tblr_remain_height_dim=\dimen186
\l__tblr_long_from_int=\count324
\l__tblr_long_to_int=\count325
\l__tblr_curr_i_int=\count326
\l__tblr_prev_i_int=\count327
\lTblrTablePageInt=\count328
\l__tblr_table_head_box=\box70
\l__tblr_table_foot_box=\box71
\l__tblr_table_head_foot_dim=\dimen187
\l__tblr_table_head_body_foot_dim=\dimen188
\l__tblr_table_box=\box72
\lTblrRowFirstInt=\count329
\lTblrRowLastInt=\count330
\l__tblr_table_hlines_box=\box73
\l__tblr_hline_box=\box74
\l__tblr_row_box=\box75
\l__tblr_col_o_wd_dim=\dimen189
\l__tblr_col_b_wd_dim=\dimen190
\l__tblr_hline_leftskip_dim=\dimen191
\l__tblr_hline_rightskip_dim=\dimen192
\l__tblr_row_ht_dim=\dimen193
\l__tblr_row_dp_dim=\dimen194
\l__tblr_row_abovesep_dim=\dimen195
\l__tblr_row_belowsep_dim=\dimen196
\l__tblr_row_vlines_box=\box76
\l__tblr_vline_box=\box77
\l__tblr_cell_box=\box78
\l__tblr_row_upper_dim=\dimen197
\l__tblr_row_lower_dim=\dimen198
\l__tblr_row_vpace_dim=\dimen199
\l__tblr_vline_aboveskip_dim=\dimen256
\l__tblr_vline_belowskip_dim=\dimen257
\lTblrCellRowSpanInt=\count331
\lTblrCellColSpanInt=\count332
\l__tblr_cell_wd_dim=\dimen258
\l__tblr_cell_ht_dim=\dimen259
\lTblrCellAboveBorderWidthDim=\dimen260
\lTblrCellBelowBorderWidthDim=\dimen261
\lTblrCellLeftBorderWidthDim=\dimen262
\lTblrCellRightBorderWidthDim=\dimen263
\l__tblr_diag_box=\box79
\l__tblr_cell_inner_wd_dim=\dimen264
\l__tblr_cell_inner_dp_dim=\dimen265
\l__tblr_cell_hanchor_dim=\dimen266
\l__tblr_last_cell_table_ht_dim=\dimen267
\l__tblr_last_cell_table_dp_dim=\dimen268
\l__tblr_last_vline_wd_dim=\dimen269
\l__tblr_tikz_node_box=\box80
)
(C:\Users\omari\AppData\Local\Programs\MiKTeX\tex/latex/tocbibind\tocbibind.sty
Package: tocbibind 2010/10/13 v1.5k extra ToC listings
Package tocbibind Info: The document has chapter divisions on input line 50.

Package tocbibind Note: Using chapter style headings, unless overridden.

) (C:\Users\omari\AppData\Local\Programs\MiKTeX\tex/latex/hyperref\hyperref.sty
Package: hyperref 2025-07-12 v7.01o Hypertext links for LaTeX

(C:\Users\omari\AppData\Local\Programs\MiKTeX\tex/latex/kvsetkeys\kvsetkeys.sty
Package: kvsetkeys 2022-10-05 v1.19 Key value parser (HO)
)
(C:\Users\omari\AppData\Local\Programs\MiKTeX\tex/generic/kvdefinekeys\kvdefine
keys.sty
Package: kvdefinekeys 2019-12-19 v1.6 Define keys (HO)
)
(C:\Users\omari\AppData\Local\Programs\MiKTeX\tex/generic/pdfescape\pdfescape.s
ty
Package: pdfescape 2019/12/09 v1.15 Implements pdfTeX's escape features (HO)

(C:\Users\omari\AppData\Local\Programs\MiKTeX\tex/generic/pdftexcmds\pdftexcmds
.sty
Package: pdftexcmds 2020-06-27 v0.33 Utility functions of pdfTeX for LuaTeX (HO
)

(C:\Users\omari\AppData\Local\Programs\MiKTeX\tex/generic/infwarerr\infwarerr.s
ty
Package: infwarerr 2019/12/03 v1.5 Providing info/warning/error messages (HO)
)
Package pdftexcmds Info: \pdf@primitive is available.
Package pdftexcmds Info: \pdf@ifprimitive is available.
Package pdftexcmds Info: \pdfdraftmode found.
))
(C:\Users\omari\AppData\Local\Programs\MiKTeX\tex/latex/hycolor\hycolor.sty
Package: hycolor 2020-01-27 v1.10 Color options for hyperref/bookmark (HO)
)
(C:\Users\omari\AppData\Local\Programs\MiKTeX\tex/latex/hyperref\nameref.sty
Package: nameref 2025-06-21 v2.57 Cross-referencing by name of section

(C:\Users\omari\AppData\Local\Programs\MiKTeX\tex/latex/refcount\refcount.sty
Package: refcount 2019/12/15 v3.6 Data extraction from label references (HO)
)
(C:\Users\omari\AppData\Local\Programs\MiKTeX\tex/generic/gettitlestring\gettit
lestring.sty
Package: gettitlestring 2019/12/15 v1.6 Cleanup title references (HO)

(C:\Users\omari\AppData\Local\Programs\MiKTeX\tex/latex/kvoptions\kvoptions.sty
Package: kvoptions 2022-06-15 v3.15 Key value format for package options (HO)
))
\c@section@level=\count333
)
(C:\Users\omari\AppData\Local\Programs\MiKTeX\tex/generic/stringenc\stringenc.s
ty
Package: stringenc 2019/11/29 v1.12 Convert strings between diff. encodings (HO
)
)
\@linkdim=\dimen270
\Hy@linkcounter=\count334
\Hy@pagecounter=\count335
 (C:\Users\omari\AppData\Local\Programs\MiKTeX\tex/latex/hyperref\pd1enc.def
File: pd1enc.def 2025-07-12 v7.01o Hyperref: PDFDocEncoding definition (HO)
Now handling font encoding PD1 ...
... no UTF-8 mapping file for font encoding PD1
) (C:\Users\omari\AppData\Local\Programs\MiKTeX\tex/generic/intcalc\intcalc.sty
Package: intcalc 2019/12/15 v1.3 Expandable calculations with integers (HO)
)
\Hy@SavedSpaceFactor=\count336
 (C:\Users\omari\AppData\Local\Programs\MiKTeX\tex/latex/hyperref\puenc.def
File: puenc.def 2025-07-12 v7.01o Hyperref: PDF Unicode definition (HO)
Now handling font encoding PU ...
... no UTF-8 mapping file for font encoding PU
)
Package hyperref Info: Hyper figures OFF on input line 4195.
Package hyperref Info: Link nesting OFF on input line 4200.
Package hyperref Info: Hyper index ON on input line 4203.
Package hyperref Info: Plain pages OFF on input line 4210.
Package hyperref Info: Backreferencing OFF on input line 4215.
Package hyperref Info: Implicit mode ON; LaTeX internals redefined.
Package hyperref Info: Bookmarks ON on input line 4462.
\c@Hy@tempcnt=\count337

(C:\Users\omari\AppData\Local\Programs\MiKTeX\tex/latex/url\url.sty
\Urlmuskip=\muskip17
Package: url 2013/09/16  ver 3.4  Verb mode for urls, etc.
)
LaTeX Info: Redefining \url on input line 4801.
\XeTeXLinkMargin=\dimen271

(C:\Users\omari\AppData\Local\Programs\MiKTeX\tex/generic/bitset\bitset.sty
Package: bitset 2019/12/09 v1.3 Handle bit-vector datatype (HO)

(C:\Users\omari\AppData\Local\Programs\MiKTeX\tex/generic/bigintcalc\bigintcalc
.sty
Package: bigintcalc 2019/12/15 v1.5 Expandable calculations on big integers (HO
)
))
\Fld@menulength=\count338
\Field@Width=\dimen272
\Fld@charsize=\dimen273
Package hyperref Info: Hyper figures OFF on input line 6078.
Package hyperref Info: Link nesting OFF on input line 6083.
Package hyperref Info: Hyper index ON on input line 6086.
Package hyperref Info: backreferencing OFF on input line 6093.
Package hyperref Info: Link coloring OFF on input line 6098.
Package hyperref Info: Link coloring with OCG OFF on input line 6103.
Package hyperref Info: PDF/A mode OFF on input line 6108.
\Hy@abspage=\count339
\c@Item=\count340
\c@Hfootnote=\count341
)
Package hyperref Info: Driver (autodetected): hpdftex.

(C:\Users\omari\AppData\Local\Programs\MiKTeX\tex/latex/hyperref\hpdftex.def
File: hpdftex.def 2025-07-12 v7.01o Hyperref driver for pdfTeX
\Fld@listcount=\count342
\c@bookmark@seq@number=\count343

(C:\Users\omari\AppData\Local\Programs\MiKTeX\tex/latex/rerunfilecheck\rerunfil
echeck.sty
Package: rerunfilecheck 2025-06-21 v1.11 Rerun checks for auxiliary files (HO)

(C:\Users\omari\AppData\Local\Programs\MiKTeX\tex/generic/uniquecounter\uniquec
ounter.sty
Package: uniquecounter 2019/12/15 v1.4 Provide unlimited unique counter (HO)
)
Package uniquecounter Info: New unique counter `rerunfilecheck' on input line 2
84.
)
\Hy@SectionHShift=\skip70
)
(C:\Users\omari\AppData\Local\Programs\MiKTeX\tex/latex/amsmath\amsmath.sty
Package: amsmath 2025/07/09 v2.17z AMS math features
\@mathmargin=\skip71

For additional information on amsmath, use the `?' option.
(C:\Users\omari\AppData\Local\Programs\MiKTeX\tex/latex/amsmath\amstext.sty
Package: amstext 2024/11/17 v2.01 AMS text

(C:\Users\omari\AppData\Local\Programs\MiKTeX\tex/latex/amsmath\amsgen.sty
File: amsgen.sty 1999/11/30 v2.0 generic functions
\@emptytoks=\toks23
\ex@=\dimen274
))
(C:\Users\omari\AppData\Local\Programs\MiKTeX\tex/latex/amsmath\amsbsy.sty
Package: amsbsy 1999/11/29 v1.2d Bold Symbols
\pmbraise@=\dimen275
)
(C:\Users\omari\AppData\Local\Programs\MiKTeX\tex/latex/amsmath\amsopn.sty
Package: amsopn 2022/04/08 v2.04 operator names
)
\inf@bad=\count344
LaTeX Info: Redefining \frac on input line 233.
\uproot@=\count345
\leftroot@=\count346
LaTeX Info: Redefining \overline on input line 398.
LaTeX Info: Redefining \colon on input line 409.
\classnum@=\count347
\DOTSCASE@=\count348
LaTeX Info: Redefining \ldots on input line 495.
LaTeX Info: Redefining \dots on input line 498.
LaTeX Info: Redefining \cdots on input line 619.
\Mathstrutbox@=\box81
\strutbox@=\box82
LaTeX Info: Redefining \big on input line 721.
LaTeX Info: Redefining \Big on input line 722.
LaTeX Info: Redefining \bigg on input line 723.
LaTeX Info: Redefining \Bigg on input line 724.
\big@size=\dimen276
LaTeX Font Info:    Redeclaring font encoding OML on input line 742.
LaTeX Font Info:    Redeclaring font encoding OMS on input line 743.
\macc@depth=\count349
LaTeX Info: Redefining \bmod on input line 904.
LaTeX Info: Redefining \pmod on input line 909.
LaTeX Info: Redefining \smash on input line 939.
LaTeX Info: Redefining \relbar on input line 969.
LaTeX Info: Redefining \Relbar on input line 970.
\c@MaxMatrixCols=\count350
\dotsspace@=\muskip18
\c@parentequation=\count351
\dspbrk@lvl=\count352
\tag@help=\toks24
\row@=\count353
\column@=\count354
\maxfields@=\count355
\andhelp@=\toks25
\eqnshift@=\dimen277
\alignsep@=\dimen278
\tagshift@=\dimen279
\tagwidth@=\dimen280
\totwidth@=\dimen281
\lineht@=\dimen282
\@envbody=\toks26
\multlinegap=\skip72
\multlinetaggap=\skip73
\mathdisplay@stack=\toks27
LaTeX Info: Redefining \[ on input line 2950.
LaTeX Info: Redefining \] on input line 2951.
)
(C:\Users\omari\AppData\Local\Programs\MiKTeX\tex/latex/amsfonts\amsfonts.sty
Package: amsfonts 2013/01/14 v3.01 Basic AMSFonts support
\symAMSa=\mathgroup4
\symAMSb=\mathgroup5
LaTeX Font Info:    Redeclaring math symbol \hbar on input line 98.
LaTeX Font Info:    Overwriting math alphabet `\mathfrak' in version `bold'
(Font)                  U/euf/m/n --> U/euf/b/n on input line 106.
)
(C:\Users\omari\AppData\Local\Programs\MiKTeX\tex/latex/amsfonts\amssymb.sty
Package: amssymb 2013/01/14 v3.01 AMS font symbols
)
(C:\Users\omari\AppData\Local\Programs\MiKTeX\tex/latex/amscls\amsthm.sty
Package: amsthm 2020/05/29 v2.20.6
\thm@style=\toks28
\thm@bodyfont=\toks29
\thm@headfont=\toks30
\thm@notefont=\toks31
\thm@headpunct=\toks32
\thm@preskip=\skip74
\thm@postskip=\skip75
\thm@headsep=\skip76
\dth@everypar=\toks33
)
(C:\Users\omari\AppData\Local\Programs\MiKTeX\tex/latex/nicematrix\nicematrix.s
ty
(C:\Users\omari\AppData\Local\Programs\MiKTeX\tex/latex/pgf/basiclayer\pgfcore.
sty
(C:\Users\omari\AppData\Local\Programs\MiKTeX\tex/latex/graphics\graphicx.sty
Package: graphicx 2024/12/31 v1.2e Enhanced LaTeX Graphics (DPC,SPQR)

(C:\Users\omari\AppData\Local\Programs\MiKTeX\tex/latex/graphics\graphics.sty
Package: graphics 2024/08/06 v1.4g Standard LaTeX Graphics (DPC,SPQR)

(C:\Users\omari\AppData\Local\Programs\MiKTeX\tex/latex/graphics\trig.sty
Package: trig 2023/12/02 v1.11 sin cos tan (DPC)
)
(C:\Users\omari\AppData\Local\Programs\MiKTeX\tex/latex/graphics-cfg\graphics.c
fg
File: graphics.cfg 2016/06/04 v1.11 sample graphics configuration
)
Package graphics Info: Driver file: pdftex.def on input line 106.

(C:\Users\omari\AppData\Local\Programs\MiKTeX\tex/latex/graphics-def\pdftex.def
File: pdftex.def 2025/09/29 v1.2d Graphics/color driver for pdftex
))
\Gin@req@height=\dimen283
\Gin@req@width=\dimen284
)
(C:\Users\omari\AppData\Local\Programs\MiKTeX\tex/latex/pgf/systemlayer\pgfsys.
sty
(C:\Users\omari\AppData\Local\Programs\MiKTeX\tex/latex/pgf/utilities\pgfrcs.st
y
(C:\Users\omari\AppData\Local\Programs\MiKTeX\tex/generic/pgf/utilities\pgfutil
-common.tex
\pgfutil@everybye=\toks34
\pgfutil@tempdima=\dimen285
\pgfutil@tempdimb=\dimen286
)
(C:\Users\omari\AppData\Local\Programs\MiKTeX\tex/generic/pgf/utilities\pgfutil
-latex.def
\pgfutil@abb=\box83
)
(C:\Users\omari\AppData\Local\Programs\MiKTeX\tex/generic/pgf/utilities\pgfrcs.
code.tex
(C:\Users\omari\AppData\Local\Programs\MiKTeX\tex/generic/pgf\pgf.revision.tex)
Package: pgfrcs 2025-08-29 v3.1.11a (3.1.11a)
))
(C:\Users\omari\AppData\Local\Programs\MiKTeX\tex/generic/pgf/systemlayer\pgfsy
s.code.tex
Package: pgfsys 2025-08-29 v3.1.11a (3.1.11a)

(C:\Users\omari\AppData\Local\Programs\MiKTeX\tex/generic/pgf/utilities\pgfkeys
.code.tex
\pgfkeys@pathtoks=\toks35
\pgfkeys@temptoks=\toks36

(C:\Users\omari\AppData\Local\Programs\MiKTeX\tex/generic/pgf/utilities\pgfkeys
libraryfiltered.code.tex
\pgfkeys@tmptoks=\toks37
))
\pgf@x=\dimen287
\pgf@y=\dimen288
\pgf@xa=\dimen289
\pgf@ya=\dimen290
\pgf@xb=\dimen291
\pgf@yb=\dimen292
\pgf@xc=\dimen293
\pgf@yc=\dimen294
\pgf@xd=\dimen295
\pgf@yd=\dimen296
\w@pgf@writea=\write3
\r@pgf@reada=\read3
\c@pgf@counta=\count356
\c@pgf@countb=\count357
\c@pgf@countc=\count358
\c@pgf@countd=\count359
\t@pgf@toka=\toks38
\t@pgf@tokb=\toks39
\t@pgf@tokc=\toks40
\pgf@sys@id@count=\count360

(C:\Users\omari\AppData\Local\Programs\MiKTeX\tex/generic/pgf/systemlayer\pgf.c
fg
File: pgf.cfg 2025-08-29 v3.1.11a (3.1.11a)
)
Driver file for pgf: pgfsys-pdftex.def

(C:\Users\omari\AppData\Local\Programs\MiKTeX\tex/generic/pgf/systemlayer\pgfsy
s-pdftex.def
File: pgfsys-pdftex.def 2025-08-29 v3.1.11a (3.1.11a)

(C:\Users\omari\AppData\Local\Programs\MiKTeX\tex/generic/pgf/systemlayer\pgfsy
s-common-pdf.def
File: pgfsys-common-pdf.def 2025-08-29 v3.1.11a (3.1.11a)
)))
(C:\Users\omari\AppData\Local\Programs\MiKTeX\tex/generic/pgf/systemlayer\pgfsy
ssoftpath.code.tex
File: pgfsyssoftpath.code.tex 2025-08-29 v3.1.11a (3.1.11a)
\pgfsyssoftpath@smallbuffer@items=\count361
\pgfsyssoftpath@bigbuffer@items=\count362
)
(C:\Users\omari\AppData\Local\Programs\MiKTeX\tex/generic/pgf/systemlayer\pgfsy
sprotocol.code.tex
File: pgfsysprotocol.code.tex 2025-08-29 v3.1.11a (3.1.11a)
))
(C:\Users\omari\AppData\Local\Programs\MiKTeX\tex/latex/xcolor\xcolor.sty
Package: xcolor 2024/09/29 v3.02 LaTeX color extensions (UK)

(C:\Users\omari\AppData\Local\Programs\MiKTeX\tex/latex/graphics-cfg\color.cfg
File: color.cfg 2016/01/02 v1.6 sample color configuration
)
Package xcolor Info: Driver file: pdftex.def on input line 274.
(C:\Users\omari\AppData\Local\Programs\MiKTeX\tex/latex/graphics\mathcolor.ltx)
Package xcolor Info: Model `cmy' substituted by `cmy0' on input line 1349.
Package xcolor Info: Model `hsb' substituted by `rgb' on input line 1353.
Package xcolor Info: Model `RGB' extended on input line 1365.
Package xcolor Info: Model `HTML' substituted by `rgb' on input line 1367.
Package xcolor Info: Model `Hsb' substituted by `hsb' on input line 1368.
Package xcolor Info: Model `tHsb' substituted by `hsb' on input line 1369.
Package xcolor Info: Model `HSB' substituted by `hsb' on input line 1370.
Package xcolor Info: Model `Gray' substituted by `gray' on input line 1371.
Package xcolor Info: Model `wave' substituted by `hsb' on input line 1372.
)
(C:\Users\omari\AppData\Local\Programs\MiKTeX\tex/latex/ninecolors\ninecolors.s
ty
Package: ninecolors 2022-02-13 v2022D Select colors with proper color contrast

(C:\Users\omari\AppData\Local\Programs\MiKTeX\tex/latex/l3packages/xparse\xpars
e.sty
(C:\Users\omari\AppData\Local\Programs\MiKTeX\tex/latex/l3kernel\expl3.sty
Package: expl3 2025-10-24 L3 programming layer (loader) 

(C:\Users\omari\AppData\Local\Programs\MiKTeX\tex/latex/l3backend\l3backend-pdf
tex.def
File: l3backend-pdftex.def 2025-10-09 L3 backend support: PDF output (pdfTeX)
\l__color_backend_stack_int=\count363
))
Package: xparse 2025-10-09 L3 Experimental document command parser
))
(C:\Users\omari\AppData\Local\Programs\MiKTeX\tex/generic/pgf/basiclayer\pgfcor
e.code.tex
Package: pgfcore 2025-08-29 v3.1.11a (3.1.11a)

(C:\Users\omari\AppData\Local\Programs\MiKTeX\tex/generic/pgf/math\pgfmath.code
.tex
(C:\Users\omari\AppData\Local\Programs\MiKTeX\tex/generic/pgf/math\pgfmathutil.
code.tex)
(C:\Users\omari\AppData\Local\Programs\MiKTeX\tex/generic/pgf/math\pgfmathparse
r.code.tex
\pgfmath@dimen=\dimen297
\pgfmath@count=\count364
\pgfmath@box=\box84
\pgfmath@toks=\toks41
\pgfmath@stack@operand=\toks42
\pgfmath@stack@operation=\toks43
)
(C:\Users\omari\AppData\Local\Programs\MiKTeX\tex/generic/pgf/math\pgfmathfunct
ions.code.tex)
(C:\Users\omari\AppData\Local\Programs\MiKTeX\tex/generic/pgf/math\pgfmathfunct
ions.basic.code.tex)
(C:\Users\omari\AppData\Local\Programs\MiKTeX\tex/generic/pgf/math\pgfmathfunct
ions.trigonometric.code.tex)
(C:\Users\omari\AppData\Local\Programs\MiKTeX\tex/generic/pgf/math\pgfmathfunct
ions.random.code.tex)
(C:\Users\omari\AppData\Local\Programs\MiKTeX\tex/generic/pgf/math\pgfmathfunct
ions.comparison.code.tex)
(C:\Users\omari\AppData\Local\Programs\MiKTeX\tex/generic/pgf/math\pgfmathfunct
ions.base.code.tex)
(C:\Users\omari\AppData\Local\Programs\MiKTeX\tex/generic/pgf/math\pgfmathfunct
ions.round.code.tex)
(C:\Users\omari\AppData\Local\Programs\MiKTeX\tex/generic/pgf/math\pgfmathfunct
ions.misc.code.tex)
(C:\Users\omari\AppData\Local\Programs\MiKTeX\tex/generic/pgf/math\pgfmathfunct
ions.integerarithmetics.code.tex)
(C:\Users\omari\AppData\Local\Programs\MiKTeX\tex/generic/pgf/math\pgfmathcalc.
code.tex)
(C:\Users\omari\AppData\Local\Programs\MiKTeX\tex/generic/pgf/math\pgfmathfloat
.code.tex
\c@pgfmathroundto@lastzeros=\count365
))
(C:\Users\omari\AppData\Local\Programs\MiKTeX\tex/generic/pgf/math\pgfint.code.
tex)
(C:\Users\omari\AppData\Local\Programs\MiKTeX\tex/generic/pgf/basiclayer\pgfcor
epoints.code.tex
File: pgfcorepoints.code.tex 2025-08-29 v3.1.11a (3.1.11a)
\pgf@picminx=\dimen298
\pgf@picmaxx=\dimen299
\pgf@picminy=\dimen300
\pgf@picmaxy=\dimen301
\pgf@pathminx=\dimen302
\pgf@pathmaxx=\dimen303
\pgf@pathminy=\dimen304
\pgf@pathmaxy=\dimen305
\pgf@xx=\dimen306
\pgf@xy=\dimen307
\pgf@yx=\dimen308
\pgf@yy=\dimen309
\pgf@zx=\dimen310
\pgf@zy=\dimen311
)
(C:\Users\omari\AppData\Local\Programs\MiKTeX\tex/generic/pgf/basiclayer\pgfcor
epathconstruct.code.tex
File: pgfcorepathconstruct.code.tex 2025-08-29 v3.1.11a (3.1.11a)
\pgf@path@lastx=\dimen312
\pgf@path@lasty=\dimen313
)
(C:\Users\omari\AppData\Local\Programs\MiKTeX\tex/generic/pgf/basiclayer\pgfcor
epathusage.code.tex
File: pgfcorepathusage.code.tex 2025-08-29 v3.1.11a (3.1.11a)
\pgf@shorten@end@additional=\dimen314
\pgf@shorten@start@additional=\dimen315
)
(C:\Users\omari\AppData\Local\Programs\MiKTeX\tex/generic/pgf/basiclayer\pgfcor
escopes.code.tex
File: pgfcorescopes.code.tex 2025-08-29 v3.1.11a (3.1.11a)
\pgfpic=\box85
\pgf@hbox=\box86
\pgf@layerbox@main=\box87
\pgf@picture@serial@count=\count366
)
(C:\Users\omari\AppData\Local\Programs\MiKTeX\tex/generic/pgf/basiclayer\pgfcor
egraphicstate.code.tex
File: pgfcoregraphicstate.code.tex 2025-08-29 v3.1.11a (3.1.11a)
\pgflinewidth=\dimen316
)
(C:\Users\omari\AppData\Local\Programs\MiKTeX\tex/generic/pgf/basiclayer\pgfcor
etransformations.code.tex
File: pgfcoretransformations.code.tex 2025-08-29 v3.1.11a (3.1.11a)
\pgf@pt@x=\dimen317
\pgf@pt@y=\dimen318
\pgf@pt@temp=\dimen319
)
(C:\Users\omari\AppData\Local\Programs\MiKTeX\tex/generic/pgf/basiclayer\pgfcor
equick.code.tex
File: pgfcorequick.code.tex 2025-08-29 v3.1.11a (3.1.11a)
)
(C:\Users\omari\AppData\Local\Programs\MiKTeX\tex/generic/pgf/basiclayer\pgfcor
eobjects.code.tex
File: pgfcoreobjects.code.tex 2025-08-29 v3.1.11a (3.1.11a)
)
(C:\Users\omari\AppData\Local\Programs\MiKTeX\tex/generic/pgf/basiclayer\pgfcor
epathprocessing.code.tex
File: pgfcorepathprocessing.code.tex 2025-08-29 v3.1.11a (3.1.11a)
)
(C:\Users\omari\AppData\Local\Programs\MiKTeX\tex/generic/pgf/basiclayer\pgfcor
earrows.code.tex
File: pgfcorearrows.code.tex 2025-08-29 v3.1.11a (3.1.11a)
\pgfarrowsep=\dimen320
)
(C:\Users\omari\AppData\Local\Programs\MiKTeX\tex/generic/pgf/basiclayer\pgfcor
eshade.code.tex
File: pgfcoreshade.code.tex 2025-08-29 v3.1.11a (3.1.11a)
\pgf@max=\dimen321
\pgf@sys@shading@range@num=\count367
\pgf@shadingcount=\count368
)
(C:\Users\omari\AppData\Local\Programs\MiKTeX\tex/generic/pgf/basiclayer\pgfcor
eimage.code.tex
File: pgfcoreimage.code.tex 2025-08-29 v3.1.11a (3.1.11a)
)
(C:\Users\omari\AppData\Local\Programs\MiKTeX\tex/generic/pgf/basiclayer\pgfcor
eexternal.code.tex
File: pgfcoreexternal.code.tex 2025-08-29 v3.1.11a (3.1.11a)
\pgfexternal@startupbox=\box88
)
(C:\Users\omari\AppData\Local\Programs\MiKTeX\tex/generic/pgf/basiclayer\pgfcor
elayers.code.tex
File: pgfcorelayers.code.tex 2025-08-29 v3.1.11a (3.1.11a)
)
(C:\Users\omari\AppData\Local\Programs\MiKTeX\tex/generic/pgf/basiclayer\pgfcor
etransparency.code.tex
File: pgfcoretransparency.code.tex 2025-08-29 v3.1.11a (3.1.11a)
)
(C:\Users\omari\AppData\Local\Programs\MiKTeX\tex/generic/pgf/basiclayer\pgfcor
epatterns.code.tex
File: pgfcorepatterns.code.tex 2025-08-29 v3.1.11a (3.1.11a)
)
(C:\Users\omari\AppData\Local\Programs\MiKTeX\tex/generic/pgf/basiclayer\pgfcor
erdf.code.tex
File: pgfcorerdf.code.tex 2025-08-29 v3.1.11a (3.1.11a)
)))
(C:\Users\omari\AppData\Local\Programs\MiKTeX\tex/generic/pgf/modules\pgfmodule
shapes.code.tex
File: pgfmoduleshapes.code.tex 2025-08-29 v3.1.11a (3.1.11a)
\pgfnodeparttextbox=\box89
)
Package: nicematrix 2025/11/04 v7.4a Enhanced arrays with the help of PGF/TikZ

(C:\Users\omari\AppData\Local\Programs\MiKTeX\tex/latex/tools\array.sty
Rollback for package 'array' requested -> date 2025/06/08.
         Best approximation is the release introduced on 2024-06-01.
Package: array 2025/09/25 v2.6n Tabular extension package (FMi)
\col@sep=\dimen322
\ar@mcellbox=\box90
\extrarowheight=\dimen323
\NC@list=\toks44
\extratabsurround=\skip77
\backup@length=\skip78
\ar@cellbox=\box91
)
\l__nicematrix_tmpc_dim=\dimen324
\l__nicematrix_tmpd_dim=\dimen325
\l__nicematrix_tmpc_int=\count369
\g__nicematrix_env_int=\count370
\l__nicematrix_the_array_box=\box92
\g__nicematrix_NiceMatrixBlock_int=\count371
\g__nicematrix_notes_caption_int=\count372
\l__nicematrix_columns_width_dim=\dimen326
\l__nicematrix_col_width_dim=\dimen327
\g__nicematrix_row_total_int=\count373
\g__nicematrix_col_total_int=\count374
\g__nicematrix_last_row_node_int=\count375
\l__nicematrix_key_nb_rows_int=\count376
\g__nicematrix_blocks_wd_dim=\dimen328
\g__nicematrix_blocks_ht_dim=\dimen329
\g__nicematrix_blocks_dp_dim=\dimen330
\l__nicematrix_width_dim=\dimen331
\l__nicematrix_tabular_width_dim=\dimen332
\l__nicematrix_rule_width_dim=\dimen333
\l__nicematrix_old_iRow_int=\count377
\l__nicematrix_old_jCol_int=\count378
\l__nicematrix_X_columns_dim=\dimen334
\l__nicematrix_x_initial_dim=\dimen335
\l__nicematrix_y_initial_dim=\dimen336
\l__nicematrix_x_final_dim=\dimen337
\l__nicematrix_y_final_dim=\dimen338
\g__nicematrix_dp_row_zero_dim=\dimen339
\g__nicematrix_ht_row_zero_dim=\dimen340
\g__nicematrix_ht_row_one_dim=\dimen341
\g__nicematrix_dp_ante_last_row_dim=\dimen342
\g__nicematrix_ht_last_row_dim=\dimen343
\g__nicematrix_dp_last_row_dim=\dimen344
\g__nicematrix_width_last_col_dim=\dimen345
\g__nicematrix_width_first_col_dim=\dimen346
\g__nicematrix_ddots_int=\count379
\g__nicematrix_iddots_int=\count380
\g__nicematrix_delta_x_one_dim=\dimen347
\g__nicematrix_delta_y_one_dim=\dimen348
\g__nicematrix_delta_x_two_dim=\dimen349
\g__nicematrix_delta_y_two_dim=\dimen350
\l__nicematrix_row_min_int=\count381
\l__nicematrix_row_max_int=\count382
\l__nicematrix_col_min_int=\count383
\l__nicematrix_col_max_int=\count384
\l__nicematrix_initial_i_int=\count385
\l__nicematrix_initial_j_int=\count386
\l__nicematrix_final_i_int=\count387
\l__nicematrix_final_j_int=\count388
\l__nicematrix_start_int=\count389
\l__nicematrix_end_int=\count390
\l__nicematrix_local_start_int=\count391
\l__nicematrix_local_end_int=\count392
\g__nicematrix_static_num_of_col_int=\count393
\l__nicematrix_rounded_corners_dim=\dimen351
\l__nicematrix_tab_rounded_corners_dim=\dimen352
\l__nicematrix_offset_dim=\dimen353
\l__nicematrix_line_width_dim=\dimen354
\g__nicematrix_block_box_int=\count394
\l__nicematrix_submatrix_extra_height_dim=\dimen355
\l__nicematrix_submatrix_left_xshift_dim=\dimen356
\l__nicematrix_submatrix_right_xshift_dim=\dimen357
\l__nicematrix_first_row_int=\count395
\l__nicematrix_first_col_int=\count396
\l__nicematrix_last_row_int=\count397
\l__nicematrix_last_col_int=\count398
\c@tabularnote=\count399
\g__nicematrix_tabularnote_int=\count400
\c@nicematrix_draft=\count401
\l__nicematrix_cell_space_top_limit_dim=\dimen358
\l__nicematrix_cell_space_bottom_limit_dim=\dimen359
\l__nicematrix_xdots_inter_dim=\dimen360
\l__nicematrix_xdots_shorten_start_dim=\dimen361
\l__nicematrix_xdots_shorten_end_dim=\dimen362
\l__nicematrix_xdots_radius_dim=\dimen363
\l__nicematrix_left_margin_dim=\dimen364
\l__nicematrix_right_margin_dim=\dimen365
\l__nicematrix_extra_left_margin_dim=\dimen366
\l__nicematrix_extra_right_margin_dim=\dimen367
\c__nicematrix_max_l_dim=\dimen368
\l__nicematrix_position_int=\count402
\l__nicematrix_multiplicity_int=\count403
\l__nicematrix_brace_yshift_dim=\dimen369
)
(C:\Users\omari\AppData\Local\Programs\MiKTeX\tex/latex/changes\changes.sty
Package: changes 2021/07/15 v4.2.1 changes package

*** changes package 2021/07/15 v4.2.1 ***
(C:\Users\omari\AppData\Local\Programs\MiKTeX\tex/latex/xkeyval\xkeyval.sty
Package: xkeyval 2022/06/16 v2.9 package option processing (HA)

(C:\Users\omari\AppData\Local\Programs\MiKTeX\tex/generic/xkeyval\xkeyval.tex
(C:\Users\omari\AppData\Local\Programs\MiKTeX\tex/generic/xkeyval\xkvutils.tex
\XKV@toks=\toks45
\XKV@tempa@toks=\toks46
)
\XKV@depth=\count404
File: xkeyval.tex 2014/12/03 v2.7a key=value parser (HA)
)) (C:\Users\omari\AppData\Local\Programs\MiKTeX\tex/latex/xstring\xstring.sty
(C:\Users\omari\AppData\Local\Programs\MiKTeX\tex/generic/xstring\xstring.tex
\xs_counta=\count405
\xs_countb=\count406
)
Package: xstring 2023/08/22 v1.86 String manipulations (CT)
)
ulem-option 'normalem,normalbf', passed to package ulem
truncate-option 'breakall,fit', passed to package truncate
(C:\Users\omari\AppData\Local\Programs\MiKTeX\tex/latex/ulem\ulem.sty
\UL@box=\box93
\UL@hyphenbox=\box94
\UL@skip=\skip79
\UL@hook=\toks47
\UL@height=\dimen370
\UL@pe=\count407
\UL@pixel=\dimen371
\ULC@box=\box95
Package: ulem 2019/11/18
\ULdepth=\dimen372
)
(C:\Users\omari\AppData\Local\Programs\MiKTeX\tex/latex/todonotes\todonotes.sty
Package: todonotes 2024/01/05 v1.1.7 Todonotes source and documentation.
Package: todonotes 2024/01/05

(C:\Users\omari\AppData\Local\Programs\MiKTeX\tex/latex/pgf/frontendlayer\tikz.
sty
(C:\Users\omari\AppData\Local\Programs\MiKTeX\tex/latex/pgf/basiclayer\pgf.sty
Package: pgf 2025-08-29 v3.1.11a (3.1.11a)

(C:\Users\omari\AppData\Local\Programs\MiKTeX\tex/generic/pgf/modules\pgfmodule
plot.code.tex
File: pgfmoduleplot.code.tex 2025-08-29 v3.1.11a (3.1.11a)
)
(C:\Users\omari\AppData\Local\Programs\MiKTeX\tex/latex/pgf/compatibility\pgfco
mp-version-0-65.sty
Package: pgfcomp-version-0-65 2025-08-29 v3.1.11a (3.1.11a)
\pgf@nodesepstart=\dimen373
\pgf@nodesepend=\dimen374
)
(C:\Users\omari\AppData\Local\Programs\MiKTeX\tex/latex/pgf/compatibility\pgfco
mp-version-1-18.sty
Package: pgfcomp-version-1-18 2025-08-29 v3.1.11a (3.1.11a)
))
(C:\Users\omari\AppData\Local\Programs\MiKTeX\tex/latex/pgf/utilities\pgffor.st
y
(C:\Users\omari\AppData\Local\Programs\MiKTeX\tex/latex/pgf/utilities\pgfkeys.s
ty
(C:\Users\omari\AppData\Local\Programs\MiKTeX\tex/generic/pgf/utilities\pgfkeys
.code.tex))
(C:\Users\omari\AppData\Local\Programs\MiKTeX\tex/latex/pgf/math\pgfmath.sty
(C:\Users\omari\AppData\Local\Programs\MiKTeX\tex/generic/pgf/math\pgfmath.code
.tex))
(C:\Users\omari\AppData\Local\Programs\MiKTeX\tex/generic/pgf/utilities\pgffor.
code.tex
Package: pgffor 2025-08-29 v3.1.11a (3.1.11a)
\pgffor@iter=\dimen375
\pgffor@skip=\dimen376
\pgffor@stack=\toks48
\pgffor@toks=\toks49
))
(C:\Users\omari\AppData\Local\Programs\MiKTeX\tex/generic/pgf/frontendlayer/tik
z\tikz.code.tex
Package: tikz 2025-08-29 v3.1.11a (3.1.11a)

(C:\Users\omari\AppData\Local\Programs\MiKTeX\tex/generic/pgf/libraries\pgflibr
aryplothandlers.code.tex
File: pgflibraryplothandlers.code.tex 2025-08-29 v3.1.11a (3.1.11a)
\pgf@plot@mark@count=\count408
\pgfplotmarksize=\dimen377
)
\tikz@lastx=\dimen378
\tikz@lasty=\dimen379
\tikz@lastxsaved=\dimen380
\tikz@lastysaved=\dimen381
\tikz@lastmovetox=\dimen382
\tikz@lastmovetoy=\dimen383
\tikzleveldistance=\dimen384
\tikzsiblingdistance=\dimen385
\tikz@figbox=\box96
\tikz@figbox@bg=\box97
\tikz@tempbox=\box98
\tikz@tempbox@bg=\box99
\tikztreelevel=\count409
\tikznumberofchildren=\count410
\tikznumberofcurrentchild=\count411
\tikz@fig@count=\count412

(C:\Users\omari\AppData\Local\Programs\MiKTeX\tex/generic/pgf/modules\pgfmodule
matrix.code.tex
File: pgfmodulematrix.code.tex 2025-08-29 v3.1.11a (3.1.11a)
\pgfmatrixcurrentrow=\count413
\pgfmatrixcurrentcolumn=\count414
\pgf@matrix@numberofcolumns=\count415
)
\tikz@expandcount=\count416

(C:\Users\omari\AppData\Local\Programs\MiKTeX\tex/generic/pgf/frontendlayer/tik
z/libraries\tikzlibrarytopaths.code.tex
File: tikzlibrarytopaths.code.tex 2025-08-29 v3.1.11a (3.1.11a)
)))
(C:\Users\omari\AppData\Local\Programs\MiKTeX\tex/generic/pgf/frontendlayer/tik
z/libraries\tikzlibrarypositioning.code.tex
File: tikzlibrarypositioning.code.tex 2025-08-29 v3.1.11a (3.1.11a)
)
\c@@todonotes@numberoftodonotes=\count417
)
\c@Changes@AuthorCount=\count418
\c@Changes@Author=\count419
\c@Changes@addedCount=\count420
\c@Changes@deletedCount=\count421
\c@Changes@replacedCount=\count422
\c@Changes@highlightCount=\count423
\c@Changes@commentCount=\count424
\c@authorcommentcount=\count425

(C:\Users\omari\AppData\Local\Programs\MiKTeX\tex/latex/truncate\truncate.sty
Package: truncate 2001/08/20  ver 3.6
\@Trunc@RestHyph=\toks50
)
\Changestruncatewidth=\skip80
\Changes@summary@width=\skip81
)
(C:\Users\omari\AppData\Local\Programs\MiKTeX\tex/latex/mathtools\mathtools.sty
Package: mathtools 2024/10/04 v1.31 mathematical typesetting tools
(C:\Users\omari\AppData\Local\Programs\MiKTeX\tex/latex/mathtools\mhsetup.sty
Package: mhsetup 2021/03/18 v1.4 programming setup (MH)
)
\g_MT_multlinerow_int=\count426
\l_MT_multwidth_dim=\dimen386
\origjot=\skip82
\l_MT_shortvdotswithinadjustabove_dim=\dimen387
\l_MT_shortvdotswithinadjustbelow_dim=\dimen388
\l_MT_above_intertext_sep=\dimen389
\l_MT_below_intertext_sep=\dimen390
\l_MT_above_shortintertext_sep=\dimen391
\l_MT_below_shortintertext_sep=\dimen392
\xmathstrut@box=\box100
\xmathstrut@dim=\dimen393
)
(C:\Users\omari\AppData\Local\Programs\MiKTeX\tex/generic/pgf/frontendlayer/tik
z/libraries\tikzlibraryshapes.geometric.code.tex
File: tikzlibraryshapes.geometric.code.tex 2025-08-29 v3.1.11a (3.1.11a)

(C:\Users\omari\AppData\Local\Programs\MiKTeX\tex/generic/pgf/libraries/shapes\
pgflibraryshapes.geometric.code.tex
File: pgflibraryshapes.geometric.code.tex 2025-08-29 v3.1.11a (3.1.11a)
))
(C:\Users\omari\AppData\Local\Programs\MiKTeX\tex/latex/nomencl\nomencl.sty
Package: nomencl 2021/11/10 v5.6 Nomenclature package

(C:\Users\omari\AppData\Local\Programs\MiKTeX\tex/latex/koma-script\tocbasic.st
y
Package: tocbasic 2025/09/09 v3.48 KOMA-Script package (handling toc-files)

(C:\Users\omari\AppData\Local\Programs\MiKTeX\tex/latex/koma-script\scrbase.sty
Package: scrbase 2025/09/09 v3.48 KOMA-Script package (KOMA-Script-independent 
basics and keyval usage)

(C:\Users\omari\AppData\Local\Programs\MiKTeX\tex/latex/koma-script\scrlfile.st
y
Package: scrlfile 2025/09/09 v3.48 KOMA-Script package (file load hooks)

(C:\Users\omari\AppData\Local\Programs\MiKTeX\tex/latex/koma-script\scrlfile-ho
ok.sty
Package: scrlfile-hook 2025/09/09 v3.48 KOMA-Script package (using LaTeX hooks)


(C:\Users\omari\AppData\Local\Programs\MiKTeX\tex/latex/koma-script\scrlogo.sty
Package: scrlogo 2025/09/09 v3.48 KOMA-Script package (logo)
)))
Applying: [2021/05/01] Usage of raw or classic option list on input line 254.
Already applied: [0000/00/00] Usage of raw or classic option list on input line
 370.
)
\scr@dte@tocline@numberwidth=\skip83
\scr@dte@tocline@numbox=\box101
)
Package tocbasic Info: setting babel extension for `nlo' on input line 187.
Package tocbasic Info: setting babel extension for `nls' on input line 188.
\nomlabelwidth=\dimen394
\nom@tempdim=\dimen395
\nomitemsep=\skip84
)
\@nomenclaturefile=\write4
\openout4 = `main.nlo'.

Package nomencl Info: Writing nomenclature file main.nlo on input line 26.
 (C:\Users\omari\AppData\Local\Programs\MiKTeX\tex/latex/cases\cases.sty
Package: cases 2020/03/29 ver 3.2
\numc@numwid=\dimen396
)
\c@definition=\count427
\c@theorem=\count428
\c@notation=\count429
) (main.aux
LaTeX Info: Redefining \. on input line 11.
LaTeX Info: Redefining \% on input line 11.
Package babel Info: 'spanish' activates 'spanish' shorthands.
(babel)             Reported on input line 11.
)
\openout1 = `main.aux'.

LaTeX Font Info:    Checking defaults for OML/cmm/m/it on input line 2.
LaTeX Font Info:    ... okay on input line 2.
LaTeX Font Info:    Checking defaults for OMS/cmsy/m/n on input line 2.
LaTeX Font Info:    ... okay on input line 2.
LaTeX Font Info:    Checking defaults for OT1/cmr/m/n on input line 2.
LaTeX Font Info:    ... okay on input line 2.
LaTeX Font Info:    Checking defaults for T1/cmr/m/n on input line 2.
LaTeX Font Info:    ... okay on input line 2.
LaTeX Font Info:    Checking defaults for TS1/cmr/m/n on input line 2.
LaTeX Font Info:    ... okay on input line 2.
LaTeX Font Info:    Checking defaults for OMX/cmex/m/n on input line 2.
LaTeX Font Info:    ... okay on input line 2.
LaTeX Font Info:    Checking defaults for U/cmr/m/n on input line 2.
LaTeX Font Info:    ... okay on input line 2.
LaTeX Font Info:    Checking defaults for PD1/pdf/m/n on input line 2.
LaTeX Font Info:    ... okay on input line 2.
LaTeX Font Info:    Checking defaults for PU/pdf/m/n on input line 2.
LaTeX Font Info:    ... okay on input line 2.
LaTeX Info: Redefining \. on input line 2.
LaTeX Info: Redefining \% on input line 2.

*geometry* driver: auto-detecting
*geometry* detected driver: pdftex
*geometry* verbose mode - [ preamble ] result:
* driver: pdftex
* paper: <default>
* layout: <same size as paper>
* layoutoffset:(h,v)=(0.0pt,0.0pt)
* modes: twoside 
* h-part:(L,W,R)=(63.62036pt, 455.24408pt, 95.43056pt)
* v-part:(T,H,B)=(78.98483pt, 597.50787pt, 118.47728pt)
* \paperwidth=614.295pt
* \paperheight=794.96999pt
* \textwidth=455.24408pt
* \textheight=597.50787pt
* \oddsidemargin=-8.64963pt
* \evensidemargin=23.16057pt
* \topmargin=-25.15895pt
* \headheight=20.0pt
* \headsep=19.8738pt
* \topskip=12.0pt
* \footskip=30.0pt
* \marginparwidth=98.0pt
* \marginparsep=7.0pt
* \columnsep=10.0pt
* \skip\footins=10.8pt plus 4.0pt minus 2.0pt
* \hoffset=0.0pt
* \voffset=0.0pt
* \mag=1000
* \@twocolumnfalse
* \@twosidetrue
* \@mparswitchtrue
* \@reversemarginfalse
* (1in=72.27pt=25.4mm, 1cm=28.453pt)

Package hyperref Info: Link coloring OFF on input line 2.
(main.out) (main.out)
\@outlinefile=\write5
\openout5 = `main.out'.


(C:\Users\omari\AppData\Local\Programs\MiKTeX\tex/context/base/mkii\supp-pdf.mk
ii
[Loading MPS to PDF converter (version 2006.09.02).]
\scratchcounter=\count430
\scratchdimen=\dimen397
\scratchbox=\box102
\nofMPsegments=\count431
\nofMParguments=\count432
\everyMPshowfont=\toks51
\MPscratchCnt=\count433
\MPscratchDim=\dimen398
\MPnumerator=\count434
\makeMPintoPDFobject=\count435
\everyMPtoPDFconversion=\toks52
)
(C:\Users\omari\AppData\Local\Programs\MiKTeX\tex/latex/epstopdf-pkg\epstopdf-b
ase.sty
Package: epstopdf-base 2020-01-24 v2.11 Base part for package epstopdf
Package epstopdf-base Info: Redefining graphics rule for `.eps' on input line 4
85.

(C:\Users\omari\AppData\Local\Programs\MiKTeX\tex/latex/00miktex\epstopdf-sys.c
fg
File: epstopdf-sys.cfg 2021/03/18 v2.0 Configuration of epstopdf for MiKTeX
))
\c__nicematrix_shift_Ldots_last_row_dim=\dimen399
\c__nicematrix_innersep_middle_dim=\dimen400
<imagenes/Logo_Instituto_Politécnico_Nacional.png, id=26, 261.22594pt x 451.68
75pt>
File: imagenes/Logo_Instituto_Politécnico_Nacional.png Graphic file (type png)

<use imagenes/Logo_Instituto_Politécnico_Nacional.png>
Package pdftex.def Info: imagenes/Logo_Instituto_Politécnico_Nacional.png  use
d on input line 8.
(pdftex.def)             Requested size: 71.12984pt x 99.5852pt.
LaTeX Font Info:    Trying to load font information for U+msa on input line 10.

 (C:\Users\omari\AppData\Local\Programs\MiKTeX\tex/latex/amsfonts\umsa.fd
File: umsa.fd 2013/01/14 v3.01 AMS symbols A
)
LaTeX Font Info:    Trying to load font information for U+msb on input line 10.


(C:\Users\omari\AppData\Local\Programs\MiKTeX\tex/latex/amsfonts\umsb.fd
File: umsb.fd 2013/01/14 v3.01 AMS symbols B
)
Overfull \hbox (20.2359pt too wide) in paragraph at lines 6--23
[]$[]$ $[]$ 
 []

<imagenes/ESCUDO_ESFM.png, id=28, 129.1224pt x 166.9437pt>
File: imagenes/ESCUDO_ESFM.png Graphic file (type png)
<use imagenes/ESCUDO_ESFM.png>
Package pdftex.def Info: imagenes/ESCUDO_ESFM.png  used on input line 35.
(pdftex.def)             Requested size: 88.02864pt x 113.81102pt.

Overfull \hbox (20.2359pt too wide) in paragraph at lines 24--63
[]$[]$ $[]$ 
 []

[1


{C:/Users/omari/AppData/Local/MiKTeX/fonts/map/pdftex/pdftex.map} <./imagenes/L
ogo_Instituto_Politécnico_Nacional.png> <./imagenes/ESCUDO_ESFM.png>]
[2


] (main.toc
LaTeX Info: Redefining \. on input line 1.
LaTeX Info: Redefining \% on input line 1.
)
\tf@toc=\write6
\openout6 = `main.toc'.


No file main.nls.
(Capitulos/c2.tex [3]
LaTeX Info: Redefining \. on input line 1.
LaTeX Info: Redefining \% on input line 1.
Package babel Info: 'spanish' activates 'spanish' shorthands.
(babel)             Reported on input line 1.
LaTeX Info: Redefining \. on input line 1.
LaTeX Info: Redefining \% on input line 1.
LaTeX Info: Redefining \. on input line 1.
LaTeX Info: Redefining \% on input line 1.
 [4

]
Cap\'{\i }tulo 1.
[5]
Package hyperref Info: bookmark level for unknown comment defaults to 0 on inpu
t line 65.
LaTeX Info: Redefining \. on input line 74.
LaTeX Info: Redefining \% on input line 74.
LaTeX Info: Redefining \. on input line 74.
LaTeX Info: Redefining \% on input line 74.
LaTeX Info: Redefining \. on input line 74.
LaTeX Info: Redefining \% on input line 74.
 [6]
Overfull \hbox (5.20872pt too wide) in paragraph at lines 103--104
[]\OT1/cmr/m/it/12 Para ca-da $\OML/cmm/m/it/12 t[]; t[] \OMS/cmsy/m/n/12 2 []$
 \OT1/cmr/m/it/12 se tie-ne que $\OML/cmm/m/it/12 s[] [] \OT1/cmr/m/n/12 = +[] 
[]$ \OT1/cmr/m/it/12 y $\OML/cmm/m/it/12 s[] [] \OT1/cmr/m/n/12 =
 []

LaTeX Info: Redefining \. on input line 104.
LaTeX Info: Redefining \% on input line 104.
LaTeX Info: Redefining \. on input line 104.
LaTeX Info: Redefining \% on input line 104.
LaTeX Info: Redefining \. on input line 104.
LaTeX Info: Redefining \% on input line 104.
[7]
LaTeX Info: Redefining \. on input line 138.
LaTeX Info: Redefining \% on input line 138.
LaTeX Info: Redefining \. on input line 138.
LaTeX Info: Redefining \% on input line 138.
LaTeX Info: Redefining \. on input line 138.
LaTeX Info: Redefining \% on input line 138.
 [8]
LaTeX Info: Redefining \. on input line 180.
LaTeX Info: Redefining \% on input line 180.
LaTeX Info: Redefining \. on input line 180.
LaTeX Info: Redefining \% on input line 180.
LaTeX Info: Redefining \. on input line 180.
LaTeX Info: Redefining \% on input line 180.
 [9]
Overfull \hbox (1.71628pt too wide) detected at line 214
\OML/cmm/m/it/12 X \OT1/cmr/m/n/12 = [] = [] = \OML/cmm/m/it/12 ! \OMS/cmsy/m/n
/12 n \OML/cmm/m/it/12 U
 []

LaTeX Info: Redefining \. on input line 216.
LaTeX Info: Redefining \% on input line 216.
LaTeX Info: Redefining \. on input line 216.
LaTeX Info: Redefining \% on input line 216.
LaTeX Info: Redefining \. on input line 216.
LaTeX Info: Redefining \% on input line 216.
[10]
LaTeX Info: Redefining \. on input line 253.
LaTeX Info: Redefining \% on input line 253.
LaTeX Info: Redefining \. on input line 253.
LaTeX Info: Redefining \% on input line 253.
LaTeX Info: Redefining \. on input line 253.
LaTeX Info: Redefining \% on input line 253.
 [11]
Overfull \hbox (11.2271pt too wide) in paragraph at lines 280--281
[]\OT1/cmr/m/n/12 Sea $\OML/cmm/m/it/12 ' [] \OMS/cmsy/m/n/12 2 \OT1/cmr/m/n/12
 ^^A[]$ la f^^Sormu-la con par^^Same-tros $\OML/cmm/m/it/12 Y[]; [] ; Y[]$ \OT1
/cmr/m/n/12 y $\OML/cmm/m/it/12 n[]; [] ; n[] \OMS/cmsy/m/n/12 2
 []

LaTeX Info: Redefining \. on input line 285.
LaTeX Info: Redefining \% on input line 285.
LaTeX Info: Redefining \. on input line 285.
LaTeX Info: Redefining \% on input line 285.
LaTeX Info: Redefining \. on input line 285.
LaTeX Info: Redefining \% on input line 285.
[12]
Overfull \hbox (1.71628pt too wide) detected at line 292
\OML/cmm/m/it/12 X \OT1/cmr/m/n/12 = [] = [] = \OML/cmm/m/it/12 ! \OMS/cmsy/m/n
/12 n \OML/cmm/m/it/12 U
 []

LaTeX Info: Redefining \. on input line 317.
LaTeX Info: Redefining \% on input line 317.
LaTeX Info: Redefining \. on input line 317.
LaTeX Info: Redefining \% on input line 317.
LaTeX Info: Redefining \. on input line 317.
LaTeX Info: Redefining \% on input line 317.
[13]
LaTeX Info: Redefining \. on input line 350.
LaTeX Info: Redefining \% on input line 350.
LaTeX Info: Redefining \. on input line 350.
LaTeX Info: Redefining \% on input line 350.
LaTeX Info: Redefining \. on input line 350.
LaTeX Info: Redefining \% on input line 350.
 [14]
Overfull \hbox (3.80225pt too wide) in paragraph at lines 378--379
[][]\OT1/cmr/bx/n/12 Definici^^Son 1.15 \OT1/cmr/m/n/12 (Es-que-ma de $^^A[]$-c
omprensi^^Son)\OT1/cmr/bx/n/12 . []\OT1/cmr/m/it/12 Se de-fi-ne el \OT1/cmr/m/n
/12 es-que-ma de $^^A[]$-comprensi^^Son\OT1/cmr/m/it/12 ,
 []

LaTeX Info: Redefining \. on input line 389.
LaTeX Info: Redefining \% on input line 389.
LaTeX Info: Redefining \. on input line 389.
LaTeX Info: Redefining \% on input line 389.
LaTeX Info: Redefining \. on input line 389.
LaTeX Info: Redefining \% on input line 389.
[15]) (Capitulos/c3.tex
LaTeX Info: Redefining \. on input line 1.
LaTeX Info: Redefining \% on input line 1.
LaTeX Info: Redefining \. on input line 1.
LaTeX Info: Redefining \% on input line 1.
LaTeX Info: Redefining \. on input line 1.
LaTeX Info: Redefining \% on input line 1.
 [16]
Cap\'{\i }tulo 2.

Package hyperref Warning: Token not allowed in a PDF string (Unicode):
(hyperref)                removing `math shift' on input line 1.


Package hyperref Warning: Token not allowed in a PDF string (Unicode):
(hyperref)                removing `subscript' on input line 1.


Package hyperref Warning: Token not allowed in a PDF string (Unicode):
(hyperref)                removing `math shift' on input line 1.

[17

])
\Changes@OutFile=\write7
\openout7 = `main.soc'.

\tf@loc=\write8
\openout8 = `main.loc'.

 [18] (main.aux
LaTeX Info: Redefining \. on input line 11.
LaTeX Info: Redefining \% on input line 11.
)
 ***********
LaTeX2e <2025-11-01>
L3 programming layer <2025-10-24>
 ***********
Package rerunfilecheck Info: File `main.out' has not changed.
(rerunfilecheck)             Checksum: 41D59B9F63073D4C49B9EC3042477406;768.
 ) 
Here is how much of TeX's memory you used:
 31747 strings out of 467871
 649180 string characters out of 5418375
 1168398 words of memory out of 5000000
 60008 multiletter control sequences out of 15000+600000
 642918 words of font info for 98 fonts, out of 8000000 for 9000
 1141 hyphenation exceptions out of 8191
 118i,13n,121p,825b,974s stack positions out of 10000i,1000n,20000p,200000b,200000s
 <C:\Users\omari\AppData\Local\MiKTeX\fonts/pk/ljfour/jknappen/ec/dpi600\tcrm
1200.pk><C:/Users/omari/AppData/Local/Programs/MiKTeX/fonts/type1/public/amsfon
ts/cm/cmbx12.pfb><C:/Users/omari/AppData/Local/Programs/MiKTeX/fonts/type1/publ
ic/amsfonts/cm/cmcsc10.pfb><C:/Users/omari/AppData/Local/Programs/MiKTeX/fonts/
type1/public/amsfonts/cm/cmex10.pfb><C:/Users/omari/AppData/Local/Programs/MiKT
eX/fonts/type1/public/amsfonts/cm/cmmi12.pfb><C:/Users/omari/AppData/Local/Prog
rams/MiKTeX/fonts/type1/public/amsfonts/cm/cmmi8.pfb><C:/Users/omari/AppData/Lo
cal/Programs/MiKTeX/fonts/type1/public/amsfonts/cm/cmr10.pfb><C:/Users/omari/Ap
pData/Local/Programs/MiKTeX/fonts/type1/public/amsfonts/cm/cmr12.pfb><C:/Users/
omari/AppData/Local/Programs/MiKTeX/fonts/type1/public/amsfonts/cm/cmr17.pfb><C
:/Users/omari/AppData/Local/Programs/MiKTeX/fonts/type1/public/amsfonts/cm/cmr8
.pfb><C:/Users/omari/AppData/Local/Programs/MiKTeX/fonts/type1/public/amsfonts/
cm/cmsy10.pfb><C:/Users/omari/AppData/Local/Programs/MiKTeX/fonts/type1/public/
amsfonts/cm/cmsy8.pfb><C:/Users/omari/AppData/Local/Programs/MiKTeX/fonts/type1
/public/amsfonts/cm/cmti12.pfb><C:/Users/omari/AppData/Local/Programs/MiKTeX/fo
nts/type1/public/amsfonts/symbols/msam10.pfb><C:/Users/omari/AppData/Local/Prog
rams/MiKTeX/fonts/type1/public/amsfonts/symbols/msbm10.pfb>
Output written on main.pdf (18 pages, 468302 bytes).
PDF statistics:
 324 PDF objects out of 1000 (max. 8388607)
 125 named destinations out of 1000 (max. 500000)
 63 words of extra memory for PDF output out of 10000 (max. 10000000)

